mode: set
github.com/RiskyFeryansyahP/bibit-gateway/internal/usecase/movie_usecase.go:16.78,20.2 1 1
github.com/RiskyFeryansyahP/bibit-gateway/internal/usecase/movie_usecase.go:23.123,24.28 1 1
github.com/RiskyFeryansyahP/bibit-gateway/internal/usecase/movie_usecase.go:28.2,28.28 1 1
github.com/RiskyFeryansyahP/bibit-gateway/internal/usecase/movie_usecase.go:32.2,33.16 2 1
github.com/RiskyFeryansyahP/bibit-gateway/internal/usecase/movie_usecase.go:37.2,37.20 1 1
github.com/RiskyFeryansyahP/bibit-gateway/internal/usecase/movie_usecase.go:24.28,26.3 1 1
github.com/RiskyFeryansyahP/bibit-gateway/internal/usecase/movie_usecase.go:28.28,30.3 1 1
github.com/RiskyFeryansyahP/bibit-gateway/internal/usecase/movie_usecase.go:33.16,35.3 1 1
github.com/RiskyFeryansyahP/bibit-gateway/internal/usecase/movie_usecase.go:41.115,42.24 1 1
github.com/RiskyFeryansyahP/bibit-gateway/internal/usecase/movie_usecase.go:46.2,47.16 2 1
github.com/RiskyFeryansyahP/bibit-gateway/internal/usecase/movie_usecase.go:51.2,51.19 1 1
github.com/RiskyFeryansyahP/bibit-gateway/internal/usecase/movie_usecase.go:42.24,44.3 1 1
github.com/RiskyFeryansyahP/bibit-gateway/internal/usecase/movie_usecase.go:47.16,49.3 1 1
github.com/RiskyFeryansyahP/bibit-gateway/internal/repository/movie_grpc.go:15.77,19.2 1 1
github.com/RiskyFeryansyahP/bibit-gateway/internal/repository/movie_grpc.go:22.120,24.16 2 1
github.com/RiskyFeryansyahP/bibit-gateway/internal/repository/movie_grpc.go:28.2,28.20 1 1
github.com/RiskyFeryansyahP/bibit-gateway/internal/repository/movie_grpc.go:24.16,26.3 1 1
github.com/RiskyFeryansyahP/bibit-gateway/internal/repository/movie_grpc.go:32.108,34.16 2 1
github.com/RiskyFeryansyahP/bibit-gateway/internal/repository/movie_grpc.go:38.2,38.19 1 1
github.com/RiskyFeryansyahP/bibit-gateway/internal/repository/movie_grpc.go:34.16,36.3 1 1
github.com/RiskyFeryansyahP/bibit-gateway/internal/handler/movie.go:18.65,25.2 3 1
github.com/RiskyFeryansyahP/bibit-gateway/internal/handler/movie.go:28.76,44.16 8 1
github.com/RiskyFeryansyahP/bibit-gateway/internal/handler/movie.go:50.2,50.35 1 1
github.com/RiskyFeryansyahP/bibit-gateway/internal/handler/movie.go:44.16,48.3 3 1
github.com/RiskyFeryansyahP/bibit-gateway/internal/handler/movie.go:54.76,68.16 7 1
github.com/RiskyFeryansyahP/bibit-gateway/internal/handler/movie.go:74.2,74.34 1 1
github.com/RiskyFeryansyahP/bibit-gateway/internal/handler/movie.go:68.16,72.3 3 1
