mode: set
github.com/RiskyFeryansyahP/bibit-movies/internal/usecase/movie_usecase.go:16.74,20.2 1 1
github.com/RiskyFeryansyahP/bibit-movies/internal/usecase/movie_usecase.go:23.110,24.19 1 1
github.com/RiskyFeryansyahP/bibit-movies/internal/usecase/movie_usecase.go:28.2,28.16 1 1
github.com/RiskyFeryansyahP/bibit-movies/internal/usecase/movie_usecase.go:32.2,33.16 2 1
github.com/RiskyFeryansyahP/bibit-movies/internal/usecase/movie_usecase.go:37.2,39.34 2 1
github.com/RiskyFeryansyahP/bibit-movies/internal/usecase/movie_usecase.go:51.2,51.23 1 1
github.com/RiskyFeryansyahP/bibit-movies/internal/usecase/movie_usecase.go:24.19,26.3 1 1
github.com/RiskyFeryansyahP/bibit-movies/internal/usecase/movie_usecase.go:28.16,30.3 1 1
github.com/RiskyFeryansyahP/bibit-movies/internal/usecase/movie_usecase.go:33.16,35.3 1 1
github.com/RiskyFeryansyahP/bibit-movies/internal/usecase/movie_usecase.go:39.34,49.3 2 1
github.com/RiskyFeryansyahP/bibit-movies/internal/usecase/movie_usecase.go:55.94,56.14 1 1
github.com/RiskyFeryansyahP/bibit-movies/internal/usecase/movie_usecase.go:60.2,61.16 2 1
github.com/RiskyFeryansyahP/bibit-movies/internal/usecase/movie_usecase.go:65.2,85.19 2 1
github.com/RiskyFeryansyahP/bibit-movies/internal/usecase/movie_usecase.go:56.14,58.3 1 1
github.com/RiskyFeryansyahP/bibit-movies/internal/usecase/movie_usecase.go:61.16,63.3 1 1
github.com/RiskyFeryansyahP/bibit-movies/internal/repository/movie.go:24.90,29.2 1 1
github.com/RiskyFeryansyahP/bibit-movies/internal/repository/movie.go:32.106,39.16 3 1
github.com/RiskyFeryansyahP/bibit-movies/internal/repository/movie.go:43.2,46.16 3 1
github.com/RiskyFeryansyahP/bibit-movies/internal/repository/movie.go:50.2,51.16 2 1
github.com/RiskyFeryansyahP/bibit-movies/internal/repository/movie.go:55.2,57.20 2 1
github.com/RiskyFeryansyahP/bibit-movies/internal/repository/movie.go:39.16,41.3 1 1
github.com/RiskyFeryansyahP/bibit-movies/internal/repository/movie.go:46.16,48.3 1 0
github.com/RiskyFeryansyahP/bibit-movies/internal/repository/movie.go:51.16,53.3 1 0
github.com/RiskyFeryansyahP/bibit-movies/internal/repository/movie.go:61.90,68.16 4 1
github.com/RiskyFeryansyahP/bibit-movies/internal/repository/movie.go:72.2,73.16 2 1
github.com/RiskyFeryansyahP/bibit-movies/internal/repository/movie.go:77.2,79.19 2 1
github.com/RiskyFeryansyahP/bibit-movies/internal/repository/movie.go:68.16,70.3 1 0
github.com/RiskyFeryansyahP/bibit-movies/internal/repository/movie.go:73.16,75.3 1 0
